<?xml version="1.0" encoding="UTF-8"?>
<!-- Generated by org.testng.reporters.JUnitReportReporter -->
<testsuite hostname="Sangeetas-Air" failures="0" tests="1" name="com.cgm.frontend.runner.TestRunner" time="0.261" errors="1" timestamp="2026-02-07T20:50:37 CET" skipped="0">
  <testcase classname="com.cgm.frontend.runner.TestRunner" name="runScenario" time="0.261">
    <error message="The step &#039;user opens the application on &quot;chrome&quot;&#039; is undefined.
You can implement this step using the snippet(s) below:

@Given(&quot;user opens the application on {string}&quot;)
public void user_opens_the_application_on(String string) {
    // Write code here that turns the phrase above into concrete actions
    throw new io.cucumber.java.PendingException();
}
" type="io.cucumber.testng.UndefinedStepException">
      <![CDATA[io.cucumber.testng.UndefinedStepException: The step 'user opens the application on "chrome"' is undefined.
You can implement this step using the snippet(s) below:

@Given("user opens the application on {string}")
public void user_opens_the_application_on(String string) {
    // Write code here that turns the phrase above into concrete actions
    throw new io.cucumber.java.PendingException();
}

at âœ½.user opens the application on "chrome"(file:///Users/sangeetashetty/Desktop/Github_Projects/mock-user-management-qatask/automation-tests-frontend/src/test/resources/features/sanity.feature:5)
]]>
    </error>
  </testcase> <!-- runScenario -->
</testsuite> <!-- com.cgm.frontend.runner.TestRunner -->
