<?xml version="1.0" encoding="UTF-8"?>
<!-- Generated by org.testng.reporters.JUnitXMLReporter -->
<testsuite ignored="0" hostname="Sangeetas-Air" failures="1" tests="1" name="Cucumber Tests" time="1.798" errors="0" timestamp="2026-02-07T20:50:37 CET">
  <testcase classname="io.cucumber.testng.AbstractTestNGCucumberTests" name="runScenario" time="0.261">
    <failure type="io.cucumber.testng.UndefinedStepException" message="The step &amp;apos;user opens the application on &amp;quot;chrome&amp;quot;&amp;apos; is undefined.
You can implement this step using the snippet(s) below:

@Given(&amp;quot;user opens the application on {string}&amp;quot;)
public void user_opens_the_application_on(String string) {
    // Write code here that turns the phrase above into concrete actions
    throw new io.cucumber.java.PendingException();
}
">
      <![CDATA[io.cucumber.testng.UndefinedStepException: The step 'user opens the application on "chrome"' is undefined.
You can implement this step using the snippet(s) below:

@Given("user opens the application on {string}")
public void user_opens_the_application_on(String string) {
    // Write code here that turns the phrase above into concrete actions
    throw new io.cucumber.java.PendingException();
}

at ✽.user opens the application on "chrome"(file:///Users/sangeetashetty/Desktop/Github_Projects/mock-user-management-qatask/automation-tests-frontend/src/test/resources/features/sanity.feature:5)
]]>
    </failure>
  </testcase> <!-- runScenario -->
</testsuite> <!-- Cucumber Tests -->
