<?xml version="1.0" encoding="UTF-8"?>
<testng-results ignored="0" total="1" passed="0" failed="1" skipped="0">
  <reporter-output>
  </reporter-output>
  <suite started-at="2026-02-07T20:50:35 CET" name="Automation Test Suite" finished-at="2026-02-07T20:50:37 CET" duration-ms="1798">
    <groups>
      <group name="cucumber">
        <method signature="AbstractTestNGCucumberTests.runScenario(io.cucumber.testng.PickleWrapper,io.cucumber.testng.FeatureWrapper)[pri:0, instance:com.cgm.frontend.runner.TestRunner@5656be13]" name="runScenario" class="io.cucumber.testng.AbstractTestNGCucumberTests"/>
      </group> <!-- cucumber -->
    </groups>
    <test started-at="2026-02-07T20:50:35 CET" name="Cucumber Tests" finished-at="2026-02-07T20:50:37 CET" duration-ms="1798">
      <class name="com.cgm.frontend.runner.TestRunner">
        <test-method is-config="true" signature="setUpClass(org.testng.ITestContext)[pri:0, instance:com.cgm.frontend.runner.TestRunner@5656be13]" started-at="2026-02-07T20:50:35 CET" name="setUpClass" finished-at="2026-02-07T20:50:37 CET" duration-ms="1398" status="PASS">
          <params>
            <param index="0">
              <value>
                <![CDATA[org.testng.TestRunner@54e7391d]]>
              </value>
            </param>
          </params>
          <reporter-output>
          </reporter-output>
        </test-method> <!-- setUpClass -->
        <test-method signature="runScenario(io.cucumber.testng.PickleWrapper,io.cucumber.testng.FeatureWrapper)[pri:0, instance:com.cgm.frontend.runner.TestRunner@5656be13]" started-at="2026-02-07T20:50:37 CET" name="runScenario" description="Runs Cucumber Scenarios" data-provider="scenarios" finished-at="2026-02-07T20:50:37 CET" duration-ms="261" status="FAIL">
          <params>
            <param index="0">
              <value>
                <![CDATA["Basic sanity test"]]>
              </value>
            </param>
            <param index="1">
              <value>
                <![CDATA["Sanity check"]]>
              </value>
            </param>
          </params>
          <exception class="io.cucumber.testng.UndefinedStepException">
            <message>
              <![CDATA[The step 'user opens the application on "chrome"' is undefined.
You can implement this step using the snippet(s) below:

@Given("user opens the application on {string}")
public void user_opens_the_application_on(String string) {
    // Write code here that turns the phrase above into concrete actions
    throw new io.cucumber.java.PendingException();
}
]]>
            </message>
            <full-stacktrace>
              <![CDATA[io.cucumber.testng.UndefinedStepException: The step 'user opens the application on "chrome"' is undefined.
You can implement this step using the snippet(s) below:

@Given("user opens the application on {string}")
public void user_opens_the_application_on(String string) {
    // Write code here that turns the phrase above into concrete actions
    throw new io.cucumber.java.PendingException();
}

at ✽.user opens the application on "chrome"(file:///Users/sangeetashetty/Desktop/Github_Projects/mock-user-management-qatask/automation-tests-frontend/src/test/resources/features/sanity.feature:5)
]]>
            </full-stacktrace>
          </exception> <!-- io.cucumber.testng.UndefinedStepException -->
          <reporter-output>
          </reporter-output>
        </test-method> <!-- runScenario -->
        <test-method is-config="true" signature="tearDownClass()[pri:0, instance:com.cgm.frontend.runner.TestRunner@5656be13]" started-at="2026-02-07T20:50:37 CET" name="tearDownClass" finished-at="2026-02-07T20:50:37 CET" duration-ms="62" status="PASS">
          <reporter-output>
          </reporter-output>
        </test-method> <!-- tearDownClass -->
      </class> <!-- com.cgm.frontend.runner.TestRunner -->
    </test> <!-- Cucumber Tests -->
  </suite> <!-- Automation Test Suite -->
</testng-results>
