<?xml version="1.0" encoding="UTF-8"?>
<testsuite xmlns:xsi="http://www.w3.org/2001/XMLSchema-instance" xsi:noNamespaceSchemaLocation="https://maven.apache.org/surefire/maven-surefire-plugin/xsd/surefire-test-report-3.0.xsd" version="3.0" name="TestSuite" time="2.91" tests="1" errors="0" skipped="0" failures="1">
  <properties>
[...]
</properties>
  <testcase name="runScenario[&quot;Basic sanity test&quot;, &quot;Sanity check&quot;](1)" classname="com.cgm.frontend.runner.TestRunner" time="0.27">
    <failure message="The step &apos;user opens the application on &quot;chrome&quot;&apos; is undefined.&#10;You can implement this step using the snippet(s) below:&#10;&#10;@Given(&quot;user opens the application on {string}&quot;)&#10;public void user_opens_the_application_on(String string) {&#10;    // Write code here that turns the phrase above into concrete actions&#10;    throw new io.cucumber.java.PendingException();&#10;}&#10;" type="io.cucumber.testng.UndefinedStepException"><![CDATA[io.cucumber.testng.UndefinedStepException: 
The step 'user opens the application on "chrome"' is undefined.
You can implement this step using the snippet(s) below:

@Given("user opens the application on {string}")
public void user_opens_the_application_on(String string) {
    // Write code here that turns the phrase above into concrete actions
    throw new io.cucumber.java.PendingException();
}

	at ✽.user opens the application on "chrome"(file:///Users/sangeetashetty/Desktop/Github_Projects/mock-user-management-qatask/automation-tests-frontend/src/test/resources/features/sanity.feature:5)
]]></failure>
    <system-out><![CDATA[
@sanity
&amp#27;[1mScenario:&amp#27;[22m Basic sanity test                      &amp#27;[90m# src/test/resources/features/sanity.feature:4&amp#27;[39m
  &amp#27;[33m■&amp#27;[39m &amp#27;[33m&amp#27;[1mGiven &amp#27;[22muser opens the application on "chrome"&amp#27;[39m
]]></system-out>
    <system-err><![CDATA[SLF4J(W): No SLF4J providers were found.
SLF4J(W): Defaulting to no-operation (NOP) logger implementation
SLF4J(W): See https://www.slf4j.org/codes.html#noProviders for further details.
]]></system-err>
  </testcase>
</testsuite>