<?xml version="1.0" encoding="UTF-8"?>
<testsuite xmlns:xsi="http://www.w3.org/2001/XMLSchema-instance" xsi:noNamespaceSchemaLocation="https://maven.apache.org/surefire/maven-surefire-plugin/xsd/surefire-test-report-3.0.xsd" version="3.0" name="TestSuite" time="67.633" tests="8" errors="0" skipped="0" failures="2">
  <properties>
    <property name="java.specification.version" value="23"/>
    <property name="sun.jnu.encoding" value="UTF-8"/>
    <property name="java.class.path" value="/Users/sangeetashetty/Desktop/Github_Projects/Feb_Eight/mock-user-management-qatask/automation-tests-frontend/target/test-classes:/Users/sangeetashetty/Desktop/Github_Projects/Feb_Eight/mock-user-management-qatask/automation-tests-frontend/target/classes:/Users/sangeetashetty/.m2/repository/org/seleniumhq/selenium/selenium-java/4.15.0/selenium-java-4.15.0.jar:/Users/sangeetashetty/.m2/repository/org/seleniumhq/selenium/selenium-api/4.15.0/selenium-api-4.15.0.jar:/Users/sangeetashetty/.m2/repository/org/seleniumhq/selenium/selenium-chrome-driver/4.15.0/selenium-chrome-driver-4.15.0.jar:/Users/sangeetashetty/.m2/repository/com/google/auto/service/auto-service-annotations/1.1.1/auto-service-annotations-1.1.1.jar:/Users/sangeetashetty/.m2/repository/org/seleniumhq/selenium/selenium-chromium-driver/4.15.0/selenium-chromium-driver-4.15.0.jar:/Users/sangeetashetty/.m2/repository/org/seleniumhq/selenium/selenium-json/4.15.0/selenium-json-4.15.0.jar:/Users/sangeetashetty/.m2/repository/org/seleniumhq/selenium/selenium-manager/4.15.0/selenium-manager-4.15.0.jar:/Users/sangeetashetty/.m2/repository/org/seleniumhq/selenium/selenium-devtools-v117/4.15.0/selenium-devtools-v117-4.15.0.jar:/Users/sangeetashetty/.m2/repository/org/seleniumhq/selenium/selenium-devtools-v118/4.15.0/selenium-devtools-v118-4.15.0.jar:/Users/sangeetashetty/.m2/repository/org/seleniumhq/selenium/selenium-devtools-v119/4.15.0/selenium-devtools-v119-4.15.0.jar:/Users/sangeetashetty/.m2/repository/org/seleniumhq/selenium/selenium-devtools-v85/4.15.0/selenium-devtools-v85-4.15.0.jar:/Users/sangeetashetty/.m2/repository/org/seleniumhq/selenium/selenium-edge-driver/4.15.0/selenium-edge-driver-4.15.0.jar:/Users/sangeetashetty/.m2/repository/org/seleniumhq/selenium/selenium-firefox-driver/4.15.0/selenium-firefox-driver-4.15.0.jar:/Users/sangeetashetty/.m2/repository/org/seleniumhq/selenium/selenium-http/4.15.0/selenium-http-4.15.0.jar:/Users/sangeetashetty/.m2/repository/dev/failsafe/failsafe/3.3.2/failsafe-3.3.2.jar:/Users/sangeetashetty/.m2/repository/org/seleniumhq/selenium/selenium-ie-driver/4.15.0/selenium-ie-driver-4.15.0.jar:/Users/sangeetashetty/.m2/repository/org/seleniumhq/selenium/selenium-remote-driver/4.15.0/selenium-remote-driver-4.15.0.jar:/Users/sangeetashetty/.m2/repository/com/google/guava/guava/32.1.2-jre/guava-32.1.2-jre.jar:/Users/sangeetashetty/.m2/repository/com/google/guava/failureaccess/1.0.1/failureaccess-1.0.1.jar:/Users/sangeetashetty/.m2/repository/com/google/guava/listenablefuture/9999.0-empty-to-avoid-conflict-with-guava/listenablefuture-9999.0-empty-to-avoid-conflict-with-guava.jar:/Users/sangeetashetty/.m2/repository/com/google/code/findbugs/jsr305/3.0.2/jsr305-3.0.2.jar:/Users/sangeetashetty/.m2/repository/org/checkerframework/checker-qual/3.33.0/checker-qual-3.33.0.jar:/Users/sangeetashetty/.m2/repository/com/google/errorprone/error_prone_annotations/2.18.0/error_prone_annotations-2.18.0.jar:/Users/sangeetashetty/.m2/repository/com/google/j2objc/j2objc-annotations/2.8/j2objc-annotations-2.8.jar:/Users/sangeetashetty/.m2/repository/io/opentelemetry/opentelemetry-api/1.28.0/opentelemetry-api-1.28.0.jar:/Users/sangeetashetty/.m2/repository/io/opentelemetry/opentelemetry-context/1.28.0/opentelemetry-context-1.28.0.jar:/Users/sangeetashetty/.m2/repository/io/opentelemetry/opentelemetry-exporter-logging/1.28.0/opentelemetry-exporter-logging-1.28.0.jar:/Users/sangeetashetty/.m2/repository/io/opentelemetry/opentelemetry-sdk-metrics/1.28.0/opentelemetry-sdk-metrics-1.28.0.jar:/Users/sangeetashetty/.m2/repository/io/opentelemetry/opentelemetry-extension-incubator/1.28.0-alpha/opentelemetry-extension-incubator-1.28.0-alpha.jar:/Users/sangeetashetty/.m2/repository/io/opentelemetry/opentelemetry-sdk-logs/1.28.0/opentelemetry-sdk-logs-1.28.0.jar:/Users/sangeetashetty/.m2/repository/io/opentelemetry/opentelemetry-sdk-common/1.28.0/opentelemetry-sdk-common-1.28.0.jar:/Users/sangeetashetty/.m2/repository/io/opentelemetry/opentelemetry-sdk-extension-autoconfigure-spi/1.28.0/opentelemetry-sdk-extension-autoconfigure-spi-1.28.0.jar:/Users/sangeetashetty/.m2/repository/io/opentelemetry/opentelemetry-sdk-extension-autoconfigure/1.28.0/opentelemetry-sdk-extension-autoconfigure-1.28.0.jar:/Users/sangeetashetty/.m2/repository/io/opentelemetry/opentelemetry-api-events/1.28.0-alpha/opentelemetry-api-events-1.28.0-alpha.jar:/Users/sangeetashetty/.m2/repository/io/opentelemetry/opentelemetry-sdk-trace/1.28.0/opentelemetry-sdk-trace-1.28.0.jar:/Users/sangeetashetty/.m2/repository/io/opentelemetry/opentelemetry-sdk/1.28.0/opentelemetry-sdk-1.28.0.jar:/Users/sangeetashetty/.m2/repository/io/opentelemetry/opentelemetry-semconv/1.28.0-alpha/opentelemetry-semconv-1.28.0-alpha.jar:/Users/sangeetashetty/.m2/repository/net/bytebuddy/byte-buddy/1.14.5/byte-buddy-1.14.5.jar:/Users/sangeetashetty/.m2/repository/org/seleniumhq/selenium/selenium-os/4.15.0/selenium-os-4.15.0.jar:/Users/sangeetashetty/.m2/repository/org/apache/commons/commons-exec/1.3/commons-exec-1.3.jar:/Users/sangeetashetty/.m2/repository/org/seleniumhq/selenium/selenium-safari-driver/4.15.0/selenium-safari-driver-4.15.0.jar:/Users/sangeetashetty/.m2/repository/org/seleniumhq/selenium/selenium-support/4.15.0/selenium-support-4.15.0.jar:/Users/sangeetashetty/.m2/repository/org/testng/testng/7.12.0/testng-7.12.0.jar:/Users/sangeetashetty/.m2/repository/org/slf4j/slf4j-api/2.0.16/slf4j-api-2.0.16.jar:/Users/sangeetashetty/.m2/repository/org/jcommander/jcommander/1.83/jcommander-1.83.jar:/Users/sangeetashetty/.m2/repository/org/webjars/jquery/3.7.1/jquery-3.7.1.jar:/Users/sangeetashetty/.m2/repository/io/cucumber/cucumber-java/7.34.2/cucumber-java-7.34.2.jar:/Users/sangeetashetty/.m2/repository/io/cucumber/cucumber-core/7.34.2/cucumber-core-7.34.2.jar:/Users/sangeetashetty/.m2/repository/io/cucumber/cucumber-gherkin/7.34.2/cucumber-gherkin-7.34.2.jar:/Users/sangeetashetty/.m2/repository/io/cucumber/cucumber-gherkin-messages/7.34.2/cucumber-gherkin-messages-7.34.2.jar:/Users/sangeetashetty/.m2/repository/io/cucumber/gherkin/36.1.0/gherkin-36.1.0.jar:/Users/sangeetashetty/.m2/repository/io/cucumber/messages/30.1.0/messages-30.1.0.jar:/Users/sangeetashetty/.m2/repository/io/cucumber/messages-ndjson/0.3.0/messages-ndjson-0.3.0.jar:/Users/sangeetashetty/.m2/repository/io/cucumber/pretty-formatter/2.4.1/pretty-formatter-2.4.1.jar:/Users/sangeetashetty/.m2/repository/io/cucumber/query/14.7.0/query-14.7.0.jar:/Users/sangeetashetty/.m2/repository/io/cucumber/teamcity-formatter/0.2.0/teamcity-formatter-0.2.0.jar:/Users/sangeetashetty/.m2/repository/io/cucumber/testng-xml-formatter/0.7.0/testng-xml-formatter-0.7.0.jar:/Users/sangeetashetty/.m2/repository/io/cucumber/usage-formatter/0.1.0/usage-formatter-0.1.0.jar:/Users/sangeetashetty/.m2/repository/io/cucumber/tag-expressions/8.1.0/tag-expressions-8.1.0.jar:/Users/sangeetashetty/.m2/repository/io/cucumber/cucumber-expressions/18.1.0/cucumber-expressions-18.1.0.jar:/Users/sangeetashetty/.m2/repository/io/cucumber/cucumber-json-formatter/0.3.2/cucumber-json-formatter-0.3.2.jar:/Users/sangeetashetty/.m2/repository/io/cucumber/datatable/7.34.2/datatable-7.34.2.jar:/Users/sangeetashetty/.m2/repository/io/cucumber/cucumber-plugin/7.34.2/cucumber-plugin-7.34.2.jar:/Users/sangeetashetty/.m2/repository/io/cucumber/docstring/7.34.2/docstring-7.34.2.jar:/Users/sangeetashetty/.m2/repository/io/cucumber/html-formatter/22.3.0/html-formatter-22.3.0.jar:/Users/sangeetashetty/.m2/repository/io/cucumber/junit-xml-formatter/0.11.0/junit-xml-formatter-0.11.0.jar:/Users/sangeetashetty/.m2/repository/io/cucumber/ci-environment/12.0.0/ci-environment-12.0.0.jar:/Users/sangeetashetty/.m2/repository/org/apiguardian/apiguardian-api/1.1.2/apiguardian-api-1.1.2.jar:/Users/sangeetashetty/.m2/repository/io/cucumber/cucumber-testng/7.34.2/cucumber-testng-7.34.2.jar:/Users/sangeetashetty/.m2/repository/io/cucumber/cucumber-picocontainer/7.34.2/cucumber-picocontainer-7.34.2.jar:/Users/sangeetashetty/.m2/repository/org/picocontainer/picocontainer/2.15.2/picocontainer-2.15.2.jar:/Users/sangeetashetty/.m2/repository/io/github/bonigarcia/webdrivermanager/5.5.0/webdrivermanager-5.5.0.jar:/Users/sangeetashetty/.m2/repository/com/google/code/gson/gson/2.10.1/gson-2.10.1.jar:/Users/sangeetashetty/.m2/repository/com/github/docker-java/docker-java/3.3.3/docker-java-3.3.3.jar:/Users/sangeetashetty/.m2/repository/com/github/docker-java/docker-java-core/3.3.3/docker-java-core-3.3.3.jar:/Users/sangeetashetty/.m2/repository/com/github/docker-java/docker-java-api/3.3.3/docker-java-api-3.3.3.jar:/Users/sangeetashetty/.m2/repository/com/fasterxml/jackson/core/jackson-annotations/2.10.3/jackson-annotations-2.10.3.jar:/Users/sangeetashetty/.m2/repository/commons-io/commons-io/2.6/commons-io-2.6.jar:/Users/sangeetashetty/.m2/repository/org/apache/commons/commons-compress/1.21/commons-compress-1.21.jar:/Users/sangeetashetty/.m2/repository/com/fasterxml/jackson/core/jackson-databind/2.10.3/jackson-databind-2.10.3.jar:/Users/sangeetashetty/.m2/repository/com/fasterxml/jackson/core/jackson-core/2.10.3/jackson-core-2.10.3.jar:/Users/sangeetashetty/.m2/repository/org/bouncycastle/bcpkix-jdk18on/1.75/bcpkix-jdk18on-1.75.jar:/Users/sangeetashetty/.m2/repository/org/bouncycastle/bcprov-jdk18on/1.75/bcprov-jdk18on-1.75.jar:/Users/sangeetashetty/.m2/repository/org/bouncycastle/bcutil-jdk18on/1.75/bcutil-jdk18on-1.75.jar:/Users/sangeetashetty/.m2/repository/org/slf4j/jcl-over-slf4j/1.7.30/jcl-over-slf4j-1.7.30.jar:/Users/sangeetashetty/.m2/repository/com/github/docker-java/docker-java-transport-httpclient5/3.3.3/docker-java-transport-httpclient5-3.3.3.jar:/Users/sangeetashetty/.m2/repository/com/github/docker-java/docker-java-transport/3.3.3/docker-java-transport-3.3.3.jar:/Users/sangeetashetty/.m2/repository/net/java/dev/jna/jna/5.12.1/jna-5.12.1.jar:/Users/sangeetashetty/.m2/repository/org/brotli/dec/0.1.2/dec-0.1.2.jar:/Users/sangeetashetty/.m2/repository/org/apache/commons/commons-lang3/3.13.0/commons-lang3-3.13.0.jar:/Users/sangeetashetty/.m2/repository/org/apache/httpcomponents/client5/httpclient5/5.2.1/httpclient5-5.2.1.jar:/Users/sangeetashetty/.m2/repository/org/apache/httpcomponents/core5/httpcore5/5.2/httpcore5-5.2.jar:/Users/sangeetashetty/.m2/repository/org/apache/httpcomponents/core5/httpcore5-h2/5.2/httpcore5-h2-5.2.jar:/Users/sangeetashetty/.m2/repository/junit/junit/4.13.2/junit-4.13.2.jar:/Users/sangeetashetty/.m2/repository/org/hamcrest/hamcrest-core/1.3/hamcrest-core-1.3.jar:"/>
    <property name="java.vm.vendor" value="Oracle Corporation"/>
    <property name="sun.arch.data.model" value="64"/>
    <property name="java.vendor.url" value="https://java.oracle.com/"/>
    <property name="user.timezone" value="Europe/Berlin"/>
    <property name="os.name" value="Mac OS X"/>
    <property name="java.vm.specification.version" value="23"/>
    <property name="sun.java.launcher" value="SUN_STANDARD"/>
    <property name="user.country" value="IN"/>
    <property name="sun.boot.library.path" value="/Library/Java/JavaVirtualMachines/jdk-23.jdk/Contents/Home/lib"/>
    <property name="sun.java.command" value="/Users/sangeetashetty/Desktop/Github_Projects/Feb_Eight/mock-user-management-qatask/automation-tests-frontend/target/surefire/surefirebooter-20260209233554137_3.jar /Users/sangeetashetty/Desktop/Github_Projects/Feb_Eight/mock-user-management-qatask/automation-tests-frontend/target/surefire 2026-02-09T23-35-53_928-jvmRun1 surefire-20260209233554137_1tmp surefire_0-20260209233554137_2tmp"/>
    <property name="http.nonProxyHosts" value="local|*.local|169.254/16|*.169.254/16"/>
    <property name="jdk.debug" value="release"/>
    <property name="surefire.test.class.path" value="/Users/sangeetashetty/Desktop/Github_Projects/Feb_Eight/mock-user-management-qatask/automation-tests-frontend/target/test-classes:/Users/sangeetashetty/Desktop/Github_Projects/Feb_Eight/mock-user-management-qatask/automation-tests-frontend/target/classes:/Users/sangeetashetty/.m2/repository/org/seleniumhq/selenium/selenium-java/4.15.0/selenium-java-4.15.0.jar:/Users/sangeetashetty/.m2/repository/org/seleniumhq/selenium/selenium-api/4.15.0/selenium-api-4.15.0.jar:/Users/sangeetashetty/.m2/repository/org/seleniumhq/selenium/selenium-chrome-driver/4.15.0/selenium-chrome-driver-4.15.0.jar:/Users/sangeetashetty/.m2/repository/com/google/auto/service/auto-service-annotations/1.1.1/auto-service-annotations-1.1.1.jar:/Users/sangeetashetty/.m2/repository/org/seleniumhq/selenium/selenium-chromium-driver/4.15.0/selenium-chromium-driver-4.15.0.jar:/Users/sangeetashetty/.m2/repository/org/seleniumhq/selenium/selenium-json/4.15.0/selenium-json-4.15.0.jar:/Users/sangeetashetty/.m2/repository/org/seleniumhq/selenium/selenium-manager/4.15.0/selenium-manager-4.15.0.jar:/Users/sangeetashetty/.m2/repository/org/seleniumhq/selenium/selenium-devtools-v117/4.15.0/selenium-devtools-v117-4.15.0.jar:/Users/sangeetashetty/.m2/repository/org/seleniumhq/selenium/selenium-devtools-v118/4.15.0/selenium-devtools-v118-4.15.0.jar:/Users/sangeetashetty/.m2/repository/org/seleniumhq/selenium/selenium-devtools-v119/4.15.0/selenium-devtools-v119-4.15.0.jar:/Users/sangeetashetty/.m2/repository/org/seleniumhq/selenium/selenium-devtools-v85/4.15.0/selenium-devtools-v85-4.15.0.jar:/Users/sangeetashetty/.m2/repository/org/seleniumhq/selenium/selenium-edge-driver/4.15.0/selenium-edge-driver-4.15.0.jar:/Users/sangeetashetty/.m2/repository/org/seleniumhq/selenium/selenium-firefox-driver/4.15.0/selenium-firefox-driver-4.15.0.jar:/Users/sangeetashetty/.m2/repository/org/seleniumhq/selenium/selenium-http/4.15.0/selenium-http-4.15.0.jar:/Users/sangeetashetty/.m2/repository/dev/failsafe/failsafe/3.3.2/failsafe-3.3.2.jar:/Users/sangeetashetty/.m2/repository/org/seleniumhq/selenium/selenium-ie-driver/4.15.0/selenium-ie-driver-4.15.0.jar:/Users/sangeetashetty/.m2/repository/org/seleniumhq/selenium/selenium-remote-driver/4.15.0/selenium-remote-driver-4.15.0.jar:/Users/sangeetashetty/.m2/repository/com/google/guava/guava/32.1.2-jre/guava-32.1.2-jre.jar:/Users/sangeetashetty/.m2/repository/com/google/guava/failureaccess/1.0.1/failureaccess-1.0.1.jar:/Users/sangeetashetty/.m2/repository/com/google/guava/listenablefuture/9999.0-empty-to-avoid-conflict-with-guava/listenablefuture-9999.0-empty-to-avoid-conflict-with-guava.jar:/Users/sangeetashetty/.m2/repository/com/google/code/findbugs/jsr305/3.0.2/jsr305-3.0.2.jar:/Users/sangeetashetty/.m2/repository/org/checkerframework/checker-qual/3.33.0/checker-qual-3.33.0.jar:/Users/sangeetashetty/.m2/repository/com/google/errorprone/error_prone_annotations/2.18.0/error_prone_annotations-2.18.0.jar:/Users/sangeetashetty/.m2/repository/com/google/j2objc/j2objc-annotations/2.8/j2objc-annotations-2.8.jar:/Users/sangeetashetty/.m2/repository/io/opentelemetry/opentelemetry-api/1.28.0/opentelemetry-api-1.28.0.jar:/Users/sangeetashetty/.m2/repository/io/opentelemetry/opentelemetry-context/1.28.0/opentelemetry-context-1.28.0.jar:/Users/sangeetashetty/.m2/repository/io/opentelemetry/opentelemetry-exporter-logging/1.28.0/opentelemetry-exporter-logging-1.28.0.jar:/Users/sangeetashetty/.m2/repository/io/opentelemetry/opentelemetry-sdk-metrics/1.28.0/opentelemetry-sdk-metrics-1.28.0.jar:/Users/sangeetashetty/.m2/repository/io/opentelemetry/opentelemetry-extension-incubator/1.28.0-alpha/opentelemetry-extension-incubator-1.28.0-alpha.jar:/Users/sangeetashetty/.m2/repository/io/opentelemetry/opentelemetry-sdk-logs/1.28.0/opentelemetry-sdk-logs-1.28.0.jar:/Users/sangeetashetty/.m2/repository/io/opentelemetry/opentelemetry-sdk-common/1.28.0/opentelemetry-sdk-common-1.28.0.jar:/Users/sangeetashetty/.m2/repository/io/opentelemetry/opentelemetry-sdk-extension-autoconfigure-spi/1.28.0/opentelemetry-sdk-extension-autoconfigure-spi-1.28.0.jar:/Users/sangeetashetty/.m2/repository/io/opentelemetry/opentelemetry-sdk-extension-autoconfigure/1.28.0/opentelemetry-sdk-extension-autoconfigure-1.28.0.jar:/Users/sangeetashetty/.m2/repository/io/opentelemetry/opentelemetry-api-events/1.28.0-alpha/opentelemetry-api-events-1.28.0-alpha.jar:/Users/sangeetashetty/.m2/repository/io/opentelemetry/opentelemetry-sdk-trace/1.28.0/opentelemetry-sdk-trace-1.28.0.jar:/Users/sangeetashetty/.m2/repository/io/opentelemetry/opentelemetry-sdk/1.28.0/opentelemetry-sdk-1.28.0.jar:/Users/sangeetashetty/.m2/repository/io/opentelemetry/opentelemetry-semconv/1.28.0-alpha/opentelemetry-semconv-1.28.0-alpha.jar:/Users/sangeetashetty/.m2/repository/net/bytebuddy/byte-buddy/1.14.5/byte-buddy-1.14.5.jar:/Users/sangeetashetty/.m2/repository/org/seleniumhq/selenium/selenium-os/4.15.0/selenium-os-4.15.0.jar:/Users/sangeetashetty/.m2/repository/org/apache/commons/commons-exec/1.3/commons-exec-1.3.jar:/Users/sangeetashetty/.m2/repository/org/seleniumhq/selenium/selenium-safari-driver/4.15.0/selenium-safari-driver-4.15.0.jar:/Users/sangeetashetty/.m2/repository/org/seleniumhq/selenium/selenium-support/4.15.0/selenium-support-4.15.0.jar:/Users/sangeetashetty/.m2/repository/org/testng/testng/7.12.0/testng-7.12.0.jar:/Users/sangeetashetty/.m2/repository/org/slf4j/slf4j-api/2.0.16/slf4j-api-2.0.16.jar:/Users/sangeetashetty/.m2/repository/org/jcommander/jcommander/1.83/jcommander-1.83.jar:/Users/sangeetashetty/.m2/repository/org/webjars/jquery/3.7.1/jquery-3.7.1.jar:/Users/sangeetashetty/.m2/repository/io/cucumber/cucumber-java/7.34.2/cucumber-java-7.34.2.jar:/Users/sangeetashetty/.m2/repository/io/cucumber/cucumber-core/7.34.2/cucumber-core-7.34.2.jar:/Users/sangeetashetty/.m2/repository/io/cucumber/cucumber-gherkin/7.34.2/cucumber-gherkin-7.34.2.jar:/Users/sangeetashetty/.m2/repository/io/cucumber/cucumber-gherkin-messages/7.34.2/cucumber-gherkin-messages-7.34.2.jar:/Users/sangeetashetty/.m2/repository/io/cucumber/gherkin/36.1.0/gherkin-36.1.0.jar:/Users/sangeetashetty/.m2/repository/io/cucumber/messages/30.1.0/messages-30.1.0.jar:/Users/sangeetashetty/.m2/repository/io/cucumber/messages-ndjson/0.3.0/messages-ndjson-0.3.0.jar:/Users/sangeetashetty/.m2/repository/io/cucumber/pretty-formatter/2.4.1/pretty-formatter-2.4.1.jar:/Users/sangeetashetty/.m2/repository/io/cucumber/query/14.7.0/query-14.7.0.jar:/Users/sangeetashetty/.m2/repository/io/cucumber/teamcity-formatter/0.2.0/teamcity-formatter-0.2.0.jar:/Users/sangeetashetty/.m2/repository/io/cucumber/testng-xml-formatter/0.7.0/testng-xml-formatter-0.7.0.jar:/Users/sangeetashetty/.m2/repository/io/cucumber/usage-formatter/0.1.0/usage-formatter-0.1.0.jar:/Users/sangeetashetty/.m2/repository/io/cucumber/tag-expressions/8.1.0/tag-expressions-8.1.0.jar:/Users/sangeetashetty/.m2/repository/io/cucumber/cucumber-expressions/18.1.0/cucumber-expressions-18.1.0.jar:/Users/sangeetashetty/.m2/repository/io/cucumber/cucumber-json-formatter/0.3.2/cucumber-json-formatter-0.3.2.jar:/Users/sangeetashetty/.m2/repository/io/cucumber/datatable/7.34.2/datatable-7.34.2.jar:/Users/sangeetashetty/.m2/repository/io/cucumber/cucumber-plugin/7.34.2/cucumber-plugin-7.34.2.jar:/Users/sangeetashetty/.m2/repository/io/cucumber/docstring/7.34.2/docstring-7.34.2.jar:/Users/sangeetashetty/.m2/repository/io/cucumber/html-formatter/22.3.0/html-formatter-22.3.0.jar:/Users/sangeetashetty/.m2/repository/io/cucumber/junit-xml-formatter/0.11.0/junit-xml-formatter-0.11.0.jar:/Users/sangeetashetty/.m2/repository/io/cucumber/ci-environment/12.0.0/ci-environment-12.0.0.jar:/Users/sangeetashetty/.m2/repository/org/apiguardian/apiguardian-api/1.1.2/apiguardian-api-1.1.2.jar:/Users/sangeetashetty/.m2/repository/io/cucumber/cucumber-testng/7.34.2/cucumber-testng-7.34.2.jar:/Users/sangeetashetty/.m2/repository/io/cucumber/cucumber-picocontainer/7.34.2/cucumber-picocontainer-7.34.2.jar:/Users/sangeetashetty/.m2/repository/org/picocontainer/picocontainer/2.15.2/picocontainer-2.15.2.jar:/Users/sangeetashetty/.m2/repository/io/github/bonigarcia/webdrivermanager/5.5.0/webdrivermanager-5.5.0.jar:/Users/sangeetashetty/.m2/repository/com/google/code/gson/gson/2.10.1/gson-2.10.1.jar:/Users/sangeetashetty/.m2/repository/com/github/docker-java/docker-java/3.3.3/docker-java-3.3.3.jar:/Users/sangeetashetty/.m2/repository/com/github/docker-java/docker-java-core/3.3.3/docker-java-core-3.3.3.jar:/Users/sangeetashetty/.m2/repository/com/github/docker-java/docker-java-api/3.3.3/docker-java-api-3.3.3.jar:/Users/sangeetashetty/.m2/repository/com/fasterxml/jackson/core/jackson-annotations/2.10.3/jackson-annotations-2.10.3.jar:/Users/sangeetashetty/.m2/repository/commons-io/commons-io/2.6/commons-io-2.6.jar:/Users/sangeetashetty/.m2/repository/org/apache/commons/commons-compress/1.21/commons-compress-1.21.jar:/Users/sangeetashetty/.m2/repository/com/fasterxml/jackson/core/jackson-databind/2.10.3/jackson-databind-2.10.3.jar:/Users/sangeetashetty/.m2/repository/com/fasterxml/jackson/core/jackson-core/2.10.3/jackson-core-2.10.3.jar:/Users/sangeetashetty/.m2/repository/org/bouncycastle/bcpkix-jdk18on/1.75/bcpkix-jdk18on-1.75.jar:/Users/sangeetashetty/.m2/repository/org/bouncycastle/bcprov-jdk18on/1.75/bcprov-jdk18on-1.75.jar:/Users/sangeetashetty/.m2/repository/org/bouncycastle/bcutil-jdk18on/1.75/bcutil-jdk18on-1.75.jar:/Users/sangeetashetty/.m2/repository/org/slf4j/jcl-over-slf4j/1.7.30/jcl-over-slf4j-1.7.30.jar:/Users/sangeetashetty/.m2/repository/com/github/docker-java/docker-java-transport-httpclient5/3.3.3/docker-java-transport-httpclient5-3.3.3.jar:/Users/sangeetashetty/.m2/repository/com/github/docker-java/docker-java-transport/3.3.3/docker-java-transport-3.3.3.jar:/Users/sangeetashetty/.m2/repository/net/java/dev/jna/jna/5.12.1/jna-5.12.1.jar:/Users/sangeetashetty/.m2/repository/org/brotli/dec/0.1.2/dec-0.1.2.jar:/Users/sangeetashetty/.m2/repository/org/apache/commons/commons-lang3/3.13.0/commons-lang3-3.13.0.jar:/Users/sangeetashetty/.m2/repository/org/apache/httpcomponents/client5/httpclient5/5.2.1/httpclient5-5.2.1.jar:/Users/sangeetashetty/.m2/repository/org/apache/httpcomponents/core5/httpcore5/5.2/httpcore5-5.2.jar:/Users/sangeetashetty/.m2/repository/org/apache/httpcomponents/core5/httpcore5-h2/5.2/httpcore5-h2-5.2.jar:/Users/sangeetashetty/.m2/repository/junit/junit/4.13.2/junit-4.13.2.jar:/Users/sangeetashetty/.m2/repository/org/hamcrest/hamcrest-core/1.3/hamcrest-core-1.3.jar:"/>
    <property name="sun.cpu.endian" value="little"/>
    <property name="user.home" value="/Users/sangeetashetty"/>
    <property name="user.language" value="en"/>
    <property name="java.specification.vendor" value="Oracle Corporation"/>
    <property name="java.version.date" value="2024-10-15"/>
    <property name="java.home" value="/Library/Java/JavaVirtualMachines/jdk-23.jdk/Contents/Home"/>
    <property name="file.separator" value="/"/>
    <property name="basedir" value="/Users/sangeetashetty/Desktop/Github_Projects/Feb_Eight/mock-user-management-qatask/automation-tests-frontend"/>
    <property name="java.vm.compressedOopsMode" value="Zero based"/>
    <property name="line.separator" value="&#10;"/>
    <property name="java.vm.specification.vendor" value="Oracle Corporation"/>
    <property name="java.specification.name" value="Java Platform API Specification"/>
    <property name="apple.awt.application.name" value="ForkedBooter"/>
    <property name="surefire.real.class.path" value="/Users/sangeetashetty/Desktop/Github_Projects/Feb_Eight/mock-user-management-qatask/automation-tests-frontend/target/surefire/surefirebooter-20260209233554137_3.jar"/>
    <property name="sun.management.compiler" value="HotSpot 64-Bit Tiered Compilers"/>
    <property name="ftp.nonProxyHosts" value="local|*.local|169.254/16|*.169.254/16"/>
    <property name="java.runtime.version" value="23.0.1+11-39"/>
    <property name="user.name" value="sangeetashetty"/>
    <property name="stdout.encoding" value="UTF-8"/>
    <property name="path.separator" value=":"/>
    <property name="os.version" value="12.7.6"/>
    <property name="java.runtime.name" value="Java(TM) SE Runtime Environment"/>
    <property name="file.encoding" value="UTF-8"/>
    <property name="java.vm.name" value="Java HotSpot(TM) 64-Bit Server VM"/>
    <property name="localRepository" value="/Users/sangeetashetty/.m2/repository"/>
    <property name="java.vendor.url.bug" value="https://bugreport.java.com/bugreport/"/>
    <property name="java.io.tmpdir" value="/var/folders/sl/r3p5qdvx6hj_vjjl7tvz4fb00000gn/T/"/>
    <property name="java.version" value="23.0.1"/>
    <property name="user.dir" value="/Users/sangeetashetty/Desktop/Github_Projects/Feb_Eight/mock-user-management-qatask/automation-tests-frontend"/>
    <property name="os.arch" value="x86_64"/>
    <property name="java.vm.specification.name" value="Java Virtual Machine Specification"/>
    <property name="native.encoding" value="UTF-8"/>
    <property name="java.library.path" value="/Users/sangeetashetty/Library/Java/Extensions:/Library/Java/Extensions:/Network/Library/Java/Extensions:/System/Library/Java/Extensions:/usr/lib/java:."/>
    <property name="java.vm.info" value="mixed mode, sharing"/>
    <property name="stderr.encoding" value="UTF-8"/>
    <property name="java.vendor" value="Oracle Corporation"/>
    <property name="java.vm.version" value="23.0.1+11-39"/>
    <property name="sun.io.unicode.encoding" value="UnicodeBig"/>
    <property name="socksNonProxyHosts" value="local|*.local|169.254/16|*.169.254/16"/>
    <property name="java.class.version" value="67.0"/>
  </properties>
  <testcase name="runScenario[&quot;REQ-UL-UPDATE-001 - Update phone modal is shown&quot;, &quot;Update User Phone&quot;](1)" classname="com.cgm.frontend.runner.TestRunner" time="9.866">
    <system-out><![CDATA[
@users @updateUser @sanity @regression @req-UL-UPDATE-001
Scenario Outline: REQ-UL-UPDATE-001 - Update phone modal is shown # src/test/resources/features/update_user.feature:17
Using environment: qa | URL: http://localhost:5173/
  ✔ Given user opens the application on "chrome"                  # com.cgm.frontend.stepDefinitions.CommonSteps.user_opens_the_application_on(java.lang.String)
  ✔ When user clicks the Update action for a specific user        # com.cgm.frontend.stepDefinitions.UpdateUserSteps.user_clicks_the_update_action_for_a_specific_user()
  ✔ Then Update User modal should be displayed                    # com.cgm.frontend.stepDefinitions.UpdateUserSteps.update_user_modal_should_be_displayed()
  ✔ And all fields except Phone should be disabled                # com.cgm.frontend.stepDefinitions.UpdateUserSteps.all_fields_except_phone_should_be_disabled()
]]></system-out>
    <system-err><![CDATA[SLF4J(W): No SLF4J providers were found.
SLF4J(W): Defaulting to no-operation (NOP) logger implementation
SLF4J(W): See https://www.slf4j.org/codes.html#noProviders for further details.
Feb 09, 2026 11:36:04 PM org.openqa.selenium.devtools.CdpVersionFinder findNearestMatch
WARNING: Unable to find CDP implementation matching 144
Feb 09, 2026 11:36:04 PM org.openqa.selenium.chromium.ChromiumDriver lambda$new$5
WARNING: Unable to find version of CDP to use for 144.0.7559.133. You may need to include a dependency on a specific version of the CDP using something similar to `org.seleniumhq.selenium:selenium-devtools-v86:4.15.0` where the version ("v86") matches the version of the chromium-based browser you're using and the version number of the artifact is the same as Selenium's.
Feb 09, 2026 11:36:07 PM org.openqa.selenium.os.ExternalProcess$Builder lambda$start$0
WARNING: failed to copy the output of process 65855
java.io.IOException: Stream closed
	at java.base/java.io.BufferedInputStream.ensureOpen(BufferedInputStream.java:206)
	at java.base/java.io.BufferedInputStream.implRead(BufferedInputStream.java:411)
	at java.base/java.io.BufferedInputStream.read(BufferedInputStream.java:405)
	at java.base/java.io.InputStream.transferTo(InputStream.java:796)
	at java.base/java.io.BufferedInputStream.implTransferTo(BufferedInputStream.java:661)
	at java.base/java.io.BufferedInputStream.transferTo(BufferedInputStream.java:637)
	at org.openqa.selenium.os.ExternalProcess$Builder.lambda$start$0(ExternalProcess.java:209)
	at java.base/java.lang.Thread.run(Thread.java:1575)

]]></system-err>
  </testcase>
  <testcase name="runScenario[&quot;REQ-UL-UPDATE-001 - Update phone modal is shown&quot;, &quot;Update User Phone&quot;](2)" classname="com.cgm.frontend.runner.TestRunner" time="11.778">
    <system-out><![CDATA[
@users @updateUser @sanity @regression @req-UL-UPDATE-001
Scenario Outline: REQ-UL-UPDATE-001 - Update phone modal is shown # src/test/resources/features/update_user.feature:18
Using environment: qa | URL: http://localhost:5173/
  ✔ Given user opens the application on "firefox"                 # com.cgm.frontend.stepDefinitions.CommonSteps.user_opens_the_application_on(java.lang.String)
  ✔ When user clicks the Update action for a specific user        # com.cgm.frontend.stepDefinitions.UpdateUserSteps.user_clicks_the_update_action_for_a_specific_user()
  ✔ Then Update User modal should be displayed                    # com.cgm.frontend.stepDefinitions.UpdateUserSteps.update_user_modal_should_be_displayed()
  ✔ And all fields except Phone should be disabled                # com.cgm.frontend.stepDefinitions.UpdateUserSteps.all_fields_except_phone_should_be_disabled()
]]></system-out>
    <system-err><![CDATA[Feb 09, 2026 11:36:18 PM org.openqa.selenium.os.ExternalProcess$Builder lambda$start$0
WARNING: failed to copy the output of process 65915
java.io.IOException: Stream closed
	at java.base/java.io.BufferedInputStream.ensureOpen(BufferedInputStream.java:206)
	at java.base/java.io.BufferedInputStream.implRead(BufferedInputStream.java:411)
	at java.base/java.io.BufferedInputStream.read(BufferedInputStream.java:405)
	at java.base/java.io.InputStream.transferTo(InputStream.java:796)
	at java.base/java.io.BufferedInputStream.implTransferTo(BufferedInputStream.java:661)
	at java.base/java.io.BufferedInputStream.transferTo(BufferedInputStream.java:637)
	at org.openqa.selenium.os.ExternalProcess$Builder.lambda$start$0(ExternalProcess.java:209)
	at java.base/java.lang.Thread.run(Thread.java:1575)

Feb 09, 2026 11:36:18 PM org.openqa.selenium.os.ExternalProcess$Builder lambda$start$0
WARNING: failed to copy the output of process 65915
java.io.IOException: Stream closed
	at java.base/java.io.BufferedInputStream.ensureOpen(BufferedInputStream.java:206)
	at java.base/java.io.BufferedInputStream.implRead(BufferedInputStream.java:411)
	at java.base/java.io.BufferedInputStream.read(BufferedInputStream.java:405)
	at java.base/java.io.InputStream.transferTo(InputStream.java:796)
	at java.base/java.io.BufferedInputStream.implTransferTo(BufferedInputStream.java:661)
	at java.base/java.io.BufferedInputStream.transferTo(BufferedInputStream.java:637)
	at org.openqa.selenium.os.ExternalProcess$Builder.lambda$start$0(ExternalProcess.java:209)
	at java.base/java.lang.Thread.run(Thread.java:1575)

]]></system-err>
  </testcase>
  <testcase name="runScenario[&quot;REQ-UL-UPDATE-002 - Successfully update phone&quot;, &quot;Update User Phone&quot;](3)" classname="com.cgm.frontend.runner.TestRunner" time="7.884">
    <system-out><![CDATA[
@users @updateUser @regression @positive @req-UL-UPDATE-002
Scenario Outline: REQ-UL-UPDATE-002 - Successfully update phone # src/test/resources/features/update_user.feature:30
Using environment: qa | URL: http://localhost:5173/
  ✔ Given user opens the application on "chrome"                # com.cgm.frontend.stepDefinitions.CommonSteps.user_opens_the_application_on(java.lang.String)
  ✔ When user clicks the Update action for a specific user      # com.cgm.frontend.stepDefinitions.UpdateUserSteps.user_clicks_the_update_action_for_a_specific_user()
  ✔ And user edits the Phone field with valid data              # com.cgm.frontend.stepDefinitions.UpdateUserSteps.user_edits_the_phone_field_with_valid_data()
  ✔ And user clicks Update Phone                                # com.cgm.frontend.stepDefinitions.UpdateUserSteps.user_clicks_update_phone()
  ✔ Then updated phone should be visible in the Users List      # com.cgm.frontend.stepDefinitions.UpdateUserSteps.updated_phone_should_be_visible_in_the_users_list()
]]></system-out>
    <system-err><![CDATA[Feb 09, 2026 11:36:23 PM org.openqa.selenium.devtools.CdpVersionFinder findNearestMatch
WARNING: Unable to find CDP implementation matching 144
Feb 09, 2026 11:36:23 PM org.openqa.selenium.chromium.ChromiumDriver lambda$new$5
WARNING: Unable to find version of CDP to use for 144.0.7559.133. You may need to include a dependency on a specific version of the CDP using something similar to `org.seleniumhq.selenium:selenium-devtools-v86:4.15.0` where the version ("v86") matches the version of the chromium-based browser you're using and the version number of the artifact is the same as Selenium's.
]]></system-err>
  </testcase>
  <testcase name="runScenario[&quot;REQ-UL-UPDATE-002 - Successfully update phone&quot;, &quot;Update User Phone&quot;](4)" classname="com.cgm.frontend.runner.TestRunner" time="9.581">
    <system-out><![CDATA[
@users @updateUser @regression @positive @req-UL-UPDATE-002
Scenario Outline: REQ-UL-UPDATE-002 - Successfully update phone # src/test/resources/features/update_user.feature:31
Using environment: qa | URL: http://localhost:5173/
  ✔ Given user opens the application on "firefox"               # com.cgm.frontend.stepDefinitions.CommonSteps.user_opens_the_application_on(java.lang.String)
  ✔ When user clicks the Update action for a specific user      # com.cgm.frontend.stepDefinitions.UpdateUserSteps.user_clicks_the_update_action_for_a_specific_user()
  ✔ And user edits the Phone field with valid data              # com.cgm.frontend.stepDefinitions.UpdateUserSteps.user_edits_the_phone_field_with_valid_data()
  ✔ And user clicks Update Phone                                # com.cgm.frontend.stepDefinitions.UpdateUserSteps.user_clicks_update_phone()
  ✔ Then updated phone should be visible in the Users List      # com.cgm.frontend.stepDefinitions.UpdateUserSteps.updated_phone_should_be_visible_in_the_users_list()
]]></system-out>
    <system-err><![CDATA[Feb 09, 2026 11:36:36 PM org.openqa.selenium.os.ExternalProcess$Builder lambda$start$0
WARNING: failed to copy the output of process 66027
java.io.IOException: Stream closed
	at java.base/java.io.BufferedInputStream.ensureOpen(BufferedInputStream.java:206)
	at java.base/java.io.BufferedInputStream.implRead(BufferedInputStream.java:411)
	at java.base/java.io.BufferedInputStream.read(BufferedInputStream.java:405)
	at java.base/java.io.InputStream.transferTo(InputStream.java:796)
	at java.base/java.io.BufferedInputStream.implTransferTo(BufferedInputStream.java:661)
	at java.base/java.io.BufferedInputStream.transferTo(BufferedInputStream.java:637)
	at org.openqa.selenium.os.ExternalProcess$Builder.lambda$start$0(ExternalProcess.java:209)
	at java.base/java.lang.Thread.run(Thread.java:1575)

]]></system-err>
  </testcase>
  <testcase name="runScenario[&quot;REQ-UL-UPDATE-003 - Intentional failure for debugging&quot;, &quot;Update User Phone&quot;](5)" classname="com.cgm.frontend.runner.TestRunner" time="5.767">
    <failure message="element click intercepted: Element &lt;button type=&quot;button&quot; class=&quot;btn btn-primary&quot; data-bs-dismiss=&quot;modal&quot; disabled=&quot;&quot;&gt;...&lt;/button&gt; is not clickable at point (888, 407). Other element would receive the click: &lt;div class=&quot;modal-footer&quot;&gt;...&lt;/div&gt;&#10;  (Session info: chrome=144.0.7559.133)&#10;Build info: version: &apos;4.15.0&apos;, revision: &apos;1d14b5521b&apos;&#10;System info: os.name: &apos;Mac OS X&apos;, os.arch: &apos;x86_64&apos;, os.version: &apos;12.7.6&apos;, java.version: &apos;23.0.1&apos;&#10;Driver info: org.openqa.selenium.chrome.ChromeDriver&#10;Command: [d1a9cb7f205b51895d4653167a725589, clickElement {id=f.68E1E4EAD23F99381F0BA241E56A825E.d.F54460BF1331B2966788BE4634D971F1.e.29}]&#10;Capabilities {acceptInsecureCerts: false, browserName: chrome, browserVersion: 144.0.7559.133, chrome: {chromedriverVersion: 144.0.7559.133 (7da823b1d59..., userDataDir: /var/folders/sl/r3p5qdvx6hj...}, fedcm:accounts: true, goog:chromeOptions: {debuggerAddress: localhost:64807}, goog:processID: 66088, networkConnectionEnabled: false, pageLoadStrategy: normal, platformName: mac, proxy: Proxy(), se:cdp: ws://localhost:64807/devtoo..., se:cdpVersion: 144.0.7559.133, setWindowRect: true, strictFileInteractability: false, timeouts: {implicit: 0, pageLoad: 300000, script: 30000}, unhandledPromptBehavior: dismiss and notify, webauthn:extension:credBlob: true, webauthn:extension:largeBlob: true, webauthn:extension:minPinLength: true, webauthn:extension:prf: true, webauthn:virtualAuthenticators: true}&#10;Element: [[ChromeDriver: chrome on mac (d1a9cb7f205b51895d4653167a725589)] -&gt; css selector: button[type=&apos;button&apos;][class=&apos;btn btn-primary&apos;]]&#10;Session ID: d1a9cb7f205b51895d4653167a725589" type="org.openqa.selenium.ElementClickInterceptedException"><![CDATA[org.openqa.selenium.ElementClickInterceptedException: 
element click intercepted: Element <button type="button" class="btn btn-primary" data-bs-dismiss="modal" disabled="">...</button> is not clickable at point (888, 407). Other element would receive the click: <div class="modal-footer">...</div>
  (Session info: chrome=144.0.7559.133)
Build info: version: '4.15.0', revision: '1d14b5521b'
System info: os.name: 'Mac OS X', os.arch: 'x86_64', os.version: '12.7.6', java.version: '23.0.1'
Driver info: org.openqa.selenium.chrome.ChromeDriver
Command: [d1a9cb7f205b51895d4653167a725589, clickElement {id=f.68E1E4EAD23F99381F0BA241E56A825E.d.F54460BF1331B2966788BE4634D971F1.e.29}]
Capabilities {acceptInsecureCerts: false, browserName: chrome, browserVersion: 144.0.7559.133, chrome: {chromedriverVersion: 144.0.7559.133 (7da823b1d59..., userDataDir: /var/folders/sl/r3p5qdvx6hj...}, fedcm:accounts: true, goog:chromeOptions: {debuggerAddress: localhost:64807}, goog:processID: 66088, networkConnectionEnabled: false, pageLoadStrategy: normal, platformName: mac, proxy: Proxy(), se:cdp: ws://localhost:64807/devtoo..., se:cdpVersion: 144.0.7559.133, setWindowRect: true, strictFileInteractability: false, timeouts: {implicit: 0, pageLoad: 300000, script: 30000}, unhandledPromptBehavior: dismiss and notify, webauthn:extension:credBlob: true, webauthn:extension:largeBlob: true, webauthn:extension:minPinLength: true, webauthn:extension:prf: true, webauthn:virtualAuthenticators: true}
Element: [[ChromeDriver: chrome on mac (d1a9cb7f205b51895d4653167a725589)] -> css selector: button[type='button'][class='btn btn-primary']]
Session ID: d1a9cb7f205b51895d4653167a725589
	at java.base/jdk.internal.reflect.DirectConstructorHandleAccessor.newInstance(DirectConstructorHandleAccessor.java:62)
	at java.base/java.lang.reflect.Constructor.newInstanceWithCaller(Constructor.java:501)
	at java.base/java.lang.reflect.Constructor.newInstance(Constructor.java:485)
	at org.openqa.selenium.remote.codec.w3c.W3CHttpResponseCodec.createException(W3CHttpResponseCodec.java:200)
	at org.openqa.selenium.remote.codec.w3c.W3CHttpResponseCodec.decode(W3CHttpResponseCodec.java:133)
	at org.openqa.selenium.remote.codec.w3c.W3CHttpResponseCodec.decode(W3CHttpResponseCodec.java:52)
	at org.openqa.selenium.remote.HttpCommandExecutor.execute(HttpCommandExecutor.java:191)
	at org.openqa.selenium.remote.service.DriverCommandExecutor.invokeExecute(DriverCommandExecutor.java:200)
	at org.openqa.selenium.remote.service.DriverCommandExecutor.execute(DriverCommandExecutor.java:175)
	at org.openqa.selenium.remote.RemoteWebDriver.execute(RemoteWebDriver.java:607)
	at org.openqa.selenium.remote.RemoteWebElement.execute(RemoteWebElement.java:224)
	at org.openqa.selenium.remote.RemoteWebElement.click(RemoteWebElement.java:77)
	at com.cgm.frontend.pages.UpdatePage.clickUpdatePhone(UpdatePage.java:63)
	at com.cgm.frontend.stepDefinitions.UpdateUserSteps.user_enters_invalid_phone_data(UpdateUserSteps.java:93)
	at ✽.user enters invalid phone data(file:///Users/sangeetashetty/Desktop/Github_Projects/Feb_Eight/mock-user-management-qatask/automation-tests-frontend/src/test/resources/features/update_user.feature:37)
]]></failure>
    <system-out><![CDATA[
@users @updateUser @debug @negative @req-UL-UPDATE-003
Scenario Outline: REQ-UL-UPDATE-003 - Intentional failure for debugging # src/test/resources/features/update_user.feature:42
Using environment: qa | URL: http://localhost:5173/
  ✔ Given user opens the application on "chrome"                        # com.cgm.frontend.stepDefinitions.CommonSteps.user_opens_the_application_on(java.lang.String)
  ✔ When user clicks the Update action for a specific user              # com.cgm.frontend.stepDefinitions.UpdateUserSteps.user_clicks_the_update_action_for_a_specific_user()
  ✘ And user enters invalid phone data                                  # com.cgm.frontend.stepDefinitions.UpdateUserSteps.user_enters_invalid_phone_data()
        org.openqa.selenium.ElementClickInterceptedException: element click intercepted: Element <button type="button" class="btn btn-primary" data-bs-dismiss="modal" disabled="">...</button> is not clickable at point (888, 407). Other element would receive the click: <div class="modal-footer">...</div>
          (Session info: chrome=144.0.7559.133)
        Build info: version: '4.15.0', revision: '1d14b5521b'
        System info: os.name: 'Mac OS X', os.arch: 'x86_64', os.version: '12.7.6', java.version: '23.0.1'
        Driver info: org.openqa.selenium.chrome.ChromeDriver
        Command: [d1a9cb7f205b51895d4653167a725589, clickElement {id=f.68E1E4EAD23F99381F0BA241E56A825E.d.F54460BF1331B2966788BE4634D971F1.e.29}]
        Capabilities {acceptInsecureCerts: false, browserName: chrome, browserVersion: 144.0.7559.133, chrome: {chromedriverVersion: 144.0.7559.133 (7da823b1d59..., userDataDir: /var/folders/sl/r3p5qdvx6hj...}, fedcm:accounts: true, goog:chromeOptions: {debuggerAddress: localhost:64807}, goog:processID: 66088, networkConnectionEnabled: false, pageLoadStrategy: normal, platformName: mac, proxy: Proxy(), se:cdp: ws://localhost:64807/devtoo..., se:cdpVersion: 144.0.7559.133, setWindowRect: true, strictFileInteractability: false, timeouts: {implicit: 0, pageLoad: 300000, script: 30000}, unhandledPromptBehavior: dismiss and notify, webauthn:extension:credBlob: true, webauthn:extension:largeBlob: true, webauthn:extension:minPinLength: true, webauthn:extension:prf: true, webauthn:virtualAuthenticators: true}
        Element: [[ChromeDriver: chrome on mac (d1a9cb7f205b51895d4653167a725589)] -> css selector: button[type='button'][class='btn btn-primary']]
        Session ID: d1a9cb7f205b51895d4653167a725589
        	at java.base/jdk.internal.reflect.DirectConstructorHandleAccessor.newInstance(DirectConstructorHandleAccessor.java:62)
        	at java.base/java.lang.reflect.Constructor.newInstanceWithCaller(Constructor.java:501)
        	at java.base/java.lang.reflect.Constructor.newInstance(Constructor.java:485)
        	at org.openqa.selenium.remote.codec.w3c.W3CHttpResponseCodec.createException(W3CHttpResponseCodec.java:200)
        	at org.openqa.selenium.remote.codec.w3c.W3CHttpResponseCodec.decode(W3CHttpResponseCodec.java:133)
        	at org.openqa.selenium.remote.codec.w3c.W3CHttpResponseCodec.decode(W3CHttpResponseCodec.java:52)
        	at org.openqa.selenium.remote.HttpCommandExecutor.execute(HttpCommandExecutor.java:191)
        	at org.openqa.selenium.remote.service.DriverCommandExecutor.invokeExecute(DriverCommandExecutor.java:200)
        	at org.openqa.selenium.remote.service.DriverCommandExecutor.execute(DriverCommandExecutor.java:175)
        	at org.openqa.selenium.remote.RemoteWebDriver.execute(RemoteWebDriver.java:607)
        	at org.openqa.selenium.remote.RemoteWebElement.execute(RemoteWebElement.java:224)
        	at org.openqa.selenium.remote.RemoteWebElement.click(RemoteWebElement.java:77)
        	at com.cgm.frontend.pages.UpdatePage.clickUpdatePhone(UpdatePage.java:63)
        	at com.cgm.frontend.stepDefinitions.UpdateUserSteps.user_enters_invalid_phone_data(UpdateUserSteps.java:93)
        	at ✽.user enters invalid phone data(file:///Users/sangeetashetty/Desktop/Github_Projects/Feb_Eight/mock-user-management-qatask/automation-tests-frontend/src/test/resources/features/update_user.feature:37)
  ↷ Then modal should close                                             # com.cgm.frontend.stepDefinitions.UpdateUserSteps.modal_should_close()
]]></system-out>
    <system-err><![CDATA[Feb 09, 2026 11:36:38 PM org.openqa.selenium.devtools.CdpVersionFinder findNearestMatch
WARNING: Unable to find CDP implementation matching 144
Feb 09, 2026 11:36:38 PM org.openqa.selenium.chromium.ChromiumDriver lambda$new$5
WARNING: Unable to find version of CDP to use for 144.0.7559.133. You may need to include a dependency on a specific version of the CDP using something similar to `org.seleniumhq.selenium:selenium-devtools-v86:4.15.0` where the version ("v86") matches the version of the chromium-based browser you're using and the version number of the artifact is the same as Selenium's.
]]></system-err>
  </testcase>
  <testcase name="runScenario[&quot;REQ-UL-UPDATE-003 - Intentional failure for debugging&quot;, &quot;Update User Phone&quot;](6)" classname="com.cgm.frontend.runner.TestRunner" time="7.701">
    <failure message="Element &lt;button class=&quot;btn btn-primary&quot; type=&quot;button&quot;&gt; is not clickable at point (888,407) because another element &lt;div class=&quot;modal-footer&quot;&gt; obscures it&#10;Build info: version: &apos;4.15.0&apos;, revision: &apos;1d14b5521b&apos;&#10;System info: os.name: &apos;Mac OS X&apos;, os.arch: &apos;x86_64&apos;, os.version: &apos;12.7.6&apos;, java.version: &apos;23.0.1&apos;&#10;Driver info: org.openqa.selenium.firefox.FirefoxDriver&#10;Command: [8d3d4785-3c69-46e4-89f4-16f2197c62b3, clickElement {id=a4763a7e-c1ba-4cde-a403-6bd9b98b38ac}]&#10;Capabilities {acceptInsecureCerts: true, browserName: firefox, browserVersion: 147.0.3, moz:accessibilityChecks: false, moz:buildID: 20260203002554, moz:geckodriverVersion: 0.36.0, moz:headless: false, moz:platformVersion: 21.6.0, moz:processID: 66139, moz:profile: /var/folders/sl/r3p5qdvx6hj..., moz:shutdownTimeout: 60000, moz:webdriverClick: true, moz:windowless: false, pageLoadStrategy: normal, platformName: mac, proxy: Proxy(), setWindowRect: true, strictFileInteractability: false, timeouts: {implicit: 0, pageLoad: 300000, script: 30000}, unhandledPromptBehavior: dismiss and notify, userAgent: Mozilla/5.0 (Macintosh; Int...}&#10;Element: [[FirefoxDriver: firefox on mac (8d3d4785-3c69-46e4-89f4-16f2197c62b3)] -&gt; css selector: button[type=&apos;button&apos;][class=&apos;btn btn-primary&apos;]]&#10;Session ID: 8d3d4785-3c69-46e4-89f4-16f2197c62b3" type="org.openqa.selenium.ElementClickInterceptedException"><![CDATA[org.openqa.selenium.ElementClickInterceptedException: 
Element <button class="btn btn-primary" type="button"> is not clickable at point (888,407) because another element <div class="modal-footer"> obscures it
Build info: version: '4.15.0', revision: '1d14b5521b'
System info: os.name: 'Mac OS X', os.arch: 'x86_64', os.version: '12.7.6', java.version: '23.0.1'
Driver info: org.openqa.selenium.firefox.FirefoxDriver
Command: [8d3d4785-3c69-46e4-89f4-16f2197c62b3, clickElement {id=a4763a7e-c1ba-4cde-a403-6bd9b98b38ac}]
Capabilities {acceptInsecureCerts: true, browserName: firefox, browserVersion: 147.0.3, moz:accessibilityChecks: false, moz:buildID: 20260203002554, moz:geckodriverVersion: 0.36.0, moz:headless: false, moz:platformVersion: 21.6.0, moz:processID: 66139, moz:profile: /var/folders/sl/r3p5qdvx6hj..., moz:shutdownTimeout: 60000, moz:webdriverClick: true, moz:windowless: false, pageLoadStrategy: normal, platformName: mac, proxy: Proxy(), setWindowRect: true, strictFileInteractability: false, timeouts: {implicit: 0, pageLoad: 300000, script: 30000}, unhandledPromptBehavior: dismiss and notify, userAgent: Mozilla/5.0 (Macintosh; Int...}
Element: [[FirefoxDriver: firefox on mac (8d3d4785-3c69-46e4-89f4-16f2197c62b3)] -> css selector: button[type='button'][class='btn btn-primary']]
Session ID: 8d3d4785-3c69-46e4-89f4-16f2197c62b3
	at java.base/jdk.internal.reflect.DirectConstructorHandleAccessor.newInstance(DirectConstructorHandleAccessor.java:62)
	at java.base/java.lang.reflect.Constructor.newInstanceWithCaller(Constructor.java:501)
	at java.base/java.lang.reflect.Constructor.newInstance(Constructor.java:485)
	at org.openqa.selenium.remote.codec.w3c.W3CHttpResponseCodec.createException(W3CHttpResponseCodec.java:200)
	at org.openqa.selenium.remote.codec.w3c.W3CHttpResponseCodec.decode(W3CHttpResponseCodec.java:133)
	at org.openqa.selenium.remote.codec.w3c.W3CHttpResponseCodec.decode(W3CHttpResponseCodec.java:52)
	at org.openqa.selenium.remote.HttpCommandExecutor.execute(HttpCommandExecutor.java:191)
	at org.openqa.selenium.remote.service.DriverCommandExecutor.invokeExecute(DriverCommandExecutor.java:200)
	at org.openqa.selenium.remote.service.DriverCommandExecutor.execute(DriverCommandExecutor.java:175)
	at org.openqa.selenium.remote.RemoteWebDriver.execute(RemoteWebDriver.java:607)
	at org.openqa.selenium.remote.RemoteWebElement.execute(RemoteWebElement.java:224)
	at org.openqa.selenium.remote.RemoteWebElement.click(RemoteWebElement.java:77)
	at com.cgm.frontend.pages.UpdatePage.clickUpdatePhone(UpdatePage.java:63)
	at com.cgm.frontend.stepDefinitions.UpdateUserSteps.user_enters_invalid_phone_data(UpdateUserSteps.java:93)
	at ✽.user enters invalid phone data(file:///Users/sangeetashetty/Desktop/Github_Projects/Feb_Eight/mock-user-management-qatask/automation-tests-frontend/src/test/resources/features/update_user.feature:37)
]]></failure>
    <system-out><![CDATA[
@users @updateUser @debug @negative @req-UL-UPDATE-003
Scenario Outline: REQ-UL-UPDATE-003 - Intentional failure for debugging # src/test/resources/features/update_user.feature:43
Using environment: qa | URL: http://localhost:5173/
  ✔ Given user opens the application on "firefox"                       # com.cgm.frontend.stepDefinitions.CommonSteps.user_opens_the_application_on(java.lang.String)
  ✔ When user clicks the Update action for a specific user              # com.cgm.frontend.stepDefinitions.UpdateUserSteps.user_clicks_the_update_action_for_a_specific_user()
  ✘ And user enters invalid phone data                                  # com.cgm.frontend.stepDefinitions.UpdateUserSteps.user_enters_invalid_phone_data()
        org.openqa.selenium.ElementClickInterceptedException: Element <button class="btn btn-primary" type="button"> is not clickable at point (888,407) because another element <div class="modal-footer"> obscures it
        Build info: version: '4.15.0', revision: '1d14b5521b'
        System info: os.name: 'Mac OS X', os.arch: 'x86_64', os.version: '12.7.6', java.version: '23.0.1'
        Driver info: org.openqa.selenium.firefox.FirefoxDriver
        Command: [8d3d4785-3c69-46e4-89f4-16f2197c62b3, clickElement {id=a4763a7e-c1ba-4cde-a403-6bd9b98b38ac}]
        Capabilities {acceptInsecureCerts: true, browserName: firefox, browserVersion: 147.0.3, moz:accessibilityChecks: false, moz:buildID: 20260203002554, moz:geckodriverVersion: 0.36.0, moz:headless: false, moz:platformVersion: 21.6.0, moz:processID: 66139, moz:profile: /var/folders/sl/r3p5qdvx6hj..., moz:shutdownTimeout: 60000, moz:webdriverClick: true, moz:windowless: false, pageLoadStrategy: normal, platformName: mac, proxy: Proxy(), setWindowRect: true, strictFileInteractability: false, timeouts: {implicit: 0, pageLoad: 300000, script: 30000}, unhandledPromptBehavior: dismiss and notify, userAgent: Mozilla/5.0 (Macintosh; Int...}
        Element: [[FirefoxDriver: firefox on mac (8d3d4785-3c69-46e4-89f4-16f2197c62b3)] -> css selector: button[type='button'][class='btn btn-primary']]
        Session ID: 8d3d4785-3c69-46e4-89f4-16f2197c62b3
        	at java.base/jdk.internal.reflect.DirectConstructorHandleAccessor.newInstance(DirectConstructorHandleAccessor.java:62)
        	at java.base/java.lang.reflect.Constructor.newInstanceWithCaller(Constructor.java:501)
        	at java.base/java.lang.reflect.Constructor.newInstance(Constructor.java:485)
        	at org.openqa.selenium.remote.codec.w3c.W3CHttpResponseCodec.createException(W3CHttpResponseCodec.java:200)
        	at org.openqa.selenium.remote.codec.w3c.W3CHttpResponseCodec.decode(W3CHttpResponseCodec.java:133)
        	at org.openqa.selenium.remote.codec.w3c.W3CHttpResponseCodec.decode(W3CHttpResponseCodec.java:52)
        	at org.openqa.selenium.remote.HttpCommandExecutor.execute(HttpCommandExecutor.java:191)
        	at org.openqa.selenium.remote.service.DriverCommandExecutor.invokeExecute(DriverCommandExecutor.java:200)
        	at org.openqa.selenium.remote.service.DriverCommandExecutor.execute(DriverCommandExecutor.java:175)
        	at org.openqa.selenium.remote.RemoteWebDriver.execute(RemoteWebDriver.java:607)
        	at org.openqa.selenium.remote.RemoteWebElement.execute(RemoteWebElement.java:224)
        	at org.openqa.selenium.remote.RemoteWebElement.click(RemoteWebElement.java:77)
        	at com.cgm.frontend.pages.UpdatePage.clickUpdatePhone(UpdatePage.java:63)
        	at com.cgm.frontend.stepDefinitions.UpdateUserSteps.user_enters_invalid_phone_data(UpdateUserSteps.java:93)
        	at ✽.user enters invalid phone data(file:///Users/sangeetashetty/Desktop/Github_Projects/Feb_Eight/mock-user-management-qatask/automation-tests-frontend/src/test/resources/features/update_user.feature:37)
  ↷ Then modal should close                                             # com.cgm.frontend.stepDefinitions.UpdateUserSteps.modal_should_close()
]]></system-out>
    <system-err><![CDATA[Feb 09, 2026 11:36:49 PM org.openqa.selenium.os.ExternalProcess$Builder lambda$start$0
WARNING: failed to copy the output of process 66138
java.io.IOException: Stream closed
	at java.base/java.io.BufferedInputStream.ensureOpen(BufferedInputStream.java:206)
	at java.base/java.io.BufferedInputStream.implRead(BufferedInputStream.java:411)
	at java.base/java.io.BufferedInputStream.read(BufferedInputStream.java:405)
	at java.base/java.io.InputStream.transferTo(InputStream.java:796)
	at java.base/java.io.BufferedInputStream.implTransferTo(BufferedInputStream.java:661)
	at java.base/java.io.BufferedInputStream.transferTo(BufferedInputStream.java:637)
	at org.openqa.selenium.os.ExternalProcess$Builder.lambda$start$0(ExternalProcess.java:209)
	at java.base/java.lang.Thread.run(Thread.java:1575)

]]></system-err>
  </testcase>
  <testcase name="runScenario[&quot;REQ-UL-UPDATE-004 - Validation error for phone less than 10 digits&quot;, &quot;Update User Phone&quot;](7)" classname="com.cgm.frontend.runner.TestRunner" time="4.583">
    <system-out><![CDATA[
@users @updateUser @regression @negative @req-UL-UPDATE-004
Scenario Outline: REQ-UL-UPDATE-004 - Validation error for phone less than 10 digits # src/test/resources/features/update_user.feature:55
Using environment: qa | URL: http://localhost:5173/
  ✔ Given user opens the application on "chrome"                                     # com.cgm.frontend.stepDefinitions.CommonSteps.user_opens_the_application_on(java.lang.String)
  ✔ When user clicks the Update action for a specific user                           # com.cgm.frontend.stepDefinitions.UpdateUserSteps.user_clicks_the_update_action_for_a_specific_user()
  ✔ And user enters phone number with less than 10 digits                            # com.cgm.frontend.stepDefinitions.UpdateUserSteps.user_enters_phone_number_with_less_than_10_digits()
  ✔ Then error message below Phone field should be displayed                         # com.cgm.frontend.stepDefinitions.UpdateUserSteps.error_message_below_phone_field_should_be_displayed()
  ✔ And Update Phone button should be disabled                                       # com.cgm.frontend.stepDefinitions.UpdateUserSteps.update_phone_button_should_be_disabled()
]]></system-out>
    <system-err><![CDATA[Feb 09, 2026 11:36:51 PM org.openqa.selenium.devtools.CdpVersionFinder findNearestMatch
WARNING: Unable to find CDP implementation matching 144
Feb 09, 2026 11:36:51 PM org.openqa.selenium.chromium.ChromiumDriver lambda$new$5
WARNING: Unable to find version of CDP to use for 144.0.7559.133. You may need to include a dependency on a specific version of the CDP using something similar to `org.seleniumhq.selenium:selenium-devtools-v86:4.15.0` where the version ("v86") matches the version of the chromium-based browser you're using and the version number of the artifact is the same as Selenium's.
]]></system-err>
  </testcase>
  <testcase name="runScenario[&quot;REQ-UL-UPDATE-004 - Validation error for phone less than 10 digits&quot;, &quot;Update User Phone&quot;](8)" classname="com.cgm.frontend.runner.TestRunner" time="7.678">
    <system-out><![CDATA[
@users @updateUser @regression @negative @req-UL-UPDATE-004
Scenario Outline: REQ-UL-UPDATE-004 - Validation error for phone less than 10 digits # src/test/resources/features/update_user.feature:56
Using environment: qa | URL: http://localhost:5173/
  ✔ Given user opens the application on "firefox"                                    # com.cgm.frontend.stepDefinitions.CommonSteps.user_opens_the_application_on(java.lang.String)
  ✔ When user clicks the Update action for a specific user                           # com.cgm.frontend.stepDefinitions.UpdateUserSteps.user_clicks_the_update_action_for_a_specific_user()
  ✔ And user enters phone number with less than 10 digits                            # com.cgm.frontend.stepDefinitions.UpdateUserSteps.user_enters_phone_number_with_less_than_10_digits()
  ✔ Then error message below Phone field should be displayed                         # com.cgm.frontend.stepDefinitions.UpdateUserSteps.error_message_below_phone_field_should_be_displayed()
  ✔ And Update Phone button should be disabled                                       # com.cgm.frontend.stepDefinitions.UpdateUserSteps.update_phone_button_should_be_disabled()
]]></system-out>
    <system-err><![CDATA[Feb 09, 2026 11:37:02 PM org.openqa.selenium.os.ExternalProcess$Builder lambda$start$0
WARNING: failed to copy the output of process 66243
java.io.IOException: Stream closed
	at java.base/java.io.BufferedInputStream.ensureOpen(BufferedInputStream.java:206)
	at java.base/java.io.BufferedInputStream.implRead(BufferedInputStream.java:411)
	at java.base/java.io.BufferedInputStream.read(BufferedInputStream.java:405)
	at java.base/java.io.InputStream.transferTo(InputStream.java:796)
	at java.base/java.io.BufferedInputStream.implTransferTo(BufferedInputStream.java:661)
	at java.base/java.io.BufferedInputStream.transferTo(BufferedInputStream.java:637)
	at org.openqa.selenium.os.ExternalProcess$Builder.lambda$start$0(ExternalProcess.java:209)
	at java.base/java.lang.Thread.run(Thread.java:1575)

]]></system-err>
  </testcase>
</testsuite>