-------------------------------------------------------------------------------
Test set: TestSuite
-------------------------------------------------------------------------------
Tests run: 8, Failures: 2, Errors: 0, Skipped: 0, Time elapsed: 67.63 s <<< FAILURE! -- in TestSuite
com.cgm.frontend.runner.TestRunner.runScenario["REQ-UL-UPDATE-003 - Intentional failure for debugging", "Update User Phone"](5) -- Time elapsed: 5.767 s <<< FAILURE!
org.openqa.selenium.ElementClickInterceptedException: 
element click intercepted: Element <button type="button" class="btn btn-primary" data-bs-dismiss="modal" disabled="">...</button> is not clickable at point (888, 407). Other element would receive the click: <div class="modal-footer">...</div>
  (Session info: chrome=144.0.7559.133)
Build info: version: '4.15.0', revision: '1d14b5521b'
System info: os.name: 'Mac OS X', os.arch: 'x86_64', os.version: '12.7.6', java.version: '23.0.1'
Driver info: org.openqa.selenium.chrome.ChromeDriver
Command: [d1a9cb7f205b51895d4653167a725589, clickElement {id=f.68E1E4EAD23F99381F0BA241E56A825E.d.F54460BF1331B2966788BE4634D971F1.e.29}]
Capabilities {acceptInsecureCerts: false, browserName: chrome, browserVersion: 144.0.7559.133, chrome: {chromedriverVersion: 144.0.7559.133 (7da823b1d59..., userDataDir: /var/folders/sl/r3p5qdvx6hj...}, fedcm:accounts: true, goog:chromeOptions: {debuggerAddress: localhost:64807}, goog:processID: 66088, networkConnectionEnabled: false, pageLoadStrategy: normal, platformName: mac, proxy: Proxy(), se:cdp: ws://localhost:64807/devtoo..., se:cdpVersion: 144.0.7559.133, setWindowRect: true, strictFileInteractability: false, timeouts: {implicit: 0, pageLoad: 300000, script: 30000}, unhandledPromptBehavior: dismiss and notify, webauthn:extension:credBlob: true, webauthn:extension:largeBlob: true, webauthn:extension:minPinLength: true, webauthn:extension:prf: true, webauthn:virtualAuthenticators: true}
Element: [[ChromeDriver: chrome on mac (d1a9cb7f205b51895d4653167a725589)] -> css selector: button[type='button'][class='btn btn-primary']]
Session ID: d1a9cb7f205b51895d4653167a725589
	at java.base/jdk.internal.reflect.DirectConstructorHandleAccessor.newInstance(DirectConstructorHandleAccessor.java:62)
	at java.base/java.lang.reflect.Constructor.newInstanceWithCaller(Constructor.java:501)
	at java.base/java.lang.reflect.Constructor.newInstance(Constructor.java:485)
	at org.openqa.selenium.remote.codec.w3c.W3CHttpResponseCodec.createException(W3CHttpResponseCodec.java:200)
	at org.openqa.selenium.remote.codec.w3c.W3CHttpResponseCodec.decode(W3CHttpResponseCodec.java:133)
	at org.openqa.selenium.remote.codec.w3c.W3CHttpResponseCodec.decode(W3CHttpResponseCodec.java:52)
	at org.openqa.selenium.remote.HttpCommandExecutor.execute(HttpCommandExecutor.java:191)
	at org.openqa.selenium.remote.service.DriverCommandExecutor.invokeExecute(DriverCommandExecutor.java:200)
	at org.openqa.selenium.remote.service.DriverCommandExecutor.execute(DriverCommandExecutor.java:175)
	at org.openqa.selenium.remote.RemoteWebDriver.execute(RemoteWebDriver.java:607)
	at org.openqa.selenium.remote.RemoteWebElement.execute(RemoteWebElement.java:224)
	at org.openqa.selenium.remote.RemoteWebElement.click(RemoteWebElement.java:77)
	at com.cgm.frontend.pages.UpdatePage.clickUpdatePhone(UpdatePage.java:63)
	at com.cgm.frontend.stepDefinitions.UpdateUserSteps.user_enters_invalid_phone_data(UpdateUserSteps.java:93)
	at ✽.user enters invalid phone data(file:///Users/sangeetashetty/Desktop/Github_Projects/Feb_Eight/mock-user-management-qatask/automation-tests-frontend/src/test/resources/features/update_user.feature:37)

com.cgm.frontend.runner.TestRunner.runScenario["REQ-UL-UPDATE-003 - Intentional failure for debugging", "Update User Phone"](6) -- Time elapsed: 7.701 s <<< FAILURE!
org.openqa.selenium.ElementClickInterceptedException: 
Element <button class="btn btn-primary" type="button"> is not clickable at point (888,407) because another element <div class="modal-footer"> obscures it
Build info: version: '4.15.0', revision: '1d14b5521b'
System info: os.name: 'Mac OS X', os.arch: 'x86_64', os.version: '12.7.6', java.version: '23.0.1'
Driver info: org.openqa.selenium.firefox.FirefoxDriver
Command: [8d3d4785-3c69-46e4-89f4-16f2197c62b3, clickElement {id=a4763a7e-c1ba-4cde-a403-6bd9b98b38ac}]
Capabilities {acceptInsecureCerts: true, browserName: firefox, browserVersion: 147.0.3, moz:accessibilityChecks: false, moz:buildID: 20260203002554, moz:geckodriverVersion: 0.36.0, moz:headless: false, moz:platformVersion: 21.6.0, moz:processID: 66139, moz:profile: /var/folders/sl/r3p5qdvx6hj..., moz:shutdownTimeout: 60000, moz:webdriverClick: true, moz:windowless: false, pageLoadStrategy: normal, platformName: mac, proxy: Proxy(), setWindowRect: true, strictFileInteractability: false, timeouts: {implicit: 0, pageLoad: 300000, script: 30000}, unhandledPromptBehavior: dismiss and notify, userAgent: Mozilla/5.0 (Macintosh; Int...}
Element: [[FirefoxDriver: firefox on mac (8d3d4785-3c69-46e4-89f4-16f2197c62b3)] -> css selector: button[type='button'][class='btn btn-primary']]
Session ID: 8d3d4785-3c69-46e4-89f4-16f2197c62b3
	at java.base/jdk.internal.reflect.DirectConstructorHandleAccessor.newInstance(DirectConstructorHandleAccessor.java:62)
	at java.base/java.lang.reflect.Constructor.newInstanceWithCaller(Constructor.java:501)
	at java.base/java.lang.reflect.Constructor.newInstance(Constructor.java:485)
	at org.openqa.selenium.remote.codec.w3c.W3CHttpResponseCodec.createException(W3CHttpResponseCodec.java:200)
	at org.openqa.selenium.remote.codec.w3c.W3CHttpResponseCodec.decode(W3CHttpResponseCodec.java:133)
	at org.openqa.selenium.remote.codec.w3c.W3CHttpResponseCodec.decode(W3CHttpResponseCodec.java:52)
	at org.openqa.selenium.remote.HttpCommandExecutor.execute(HttpCommandExecutor.java:191)
	at org.openqa.selenium.remote.service.DriverCommandExecutor.invokeExecute(DriverCommandExecutor.java:200)
	at org.openqa.selenium.remote.service.DriverCommandExecutor.execute(DriverCommandExecutor.java:175)
	at org.openqa.selenium.remote.RemoteWebDriver.execute(RemoteWebDriver.java:607)
	at org.openqa.selenium.remote.RemoteWebElement.execute(RemoteWebElement.java:224)
	at org.openqa.selenium.remote.RemoteWebElement.click(RemoteWebElement.java:77)
	at com.cgm.frontend.pages.UpdatePage.clickUpdatePhone(UpdatePage.java:63)
	at com.cgm.frontend.stepDefinitions.UpdateUserSteps.user_enters_invalid_phone_data(UpdateUserSteps.java:93)
	at ✽.user enters invalid phone data(file:///Users/sangeetashetty/Desktop/Github_Projects/Feb_Eight/mock-user-management-qatask/automation-tests-frontend/src/test/resources/features/update_user.feature:37)

